<?xml version="1.0" encoding="UTF-8"?>
<testng-results ignored="0" total="1" passed="1" failed="0" skipped="0">
  <reporter-output>
  </reporter-output>
  <suite started-at="2018-09-25T10:11:12Z" name="Default suite" finished-at="2018-09-25T10:12:18Z" duration-ms="65728">
    <groups>
    </groups>
    <test started-at="2018-09-25T10:11:12Z" name="Default test" finished-at="2018-09-25T10:12:18Z" duration-ms="65728">
      <class name="script.TestRun">
        <test-method is-config="true" signature="openApplication()[pri:0, instance:script.TestRun@6bf0219d]" started-at="2018-09-25T10:11:12Z" name="openApplication" finished-at="2018-09-25T10:12:15Z" duration-ms="63337" status="PASS">
          <reporter-output>
          </reporter-output>
        </test-method> <!-- openApplication -->
        <test-method signature="run()[pri:0, instance:script.TestRun@6bf0219d]" started-at="2018-09-25T10:12:15Z" name="run" finished-at="2018-09-25T10:12:15Z" duration-ms="96" status="PASS">
          <reporter-output>
          </reporter-output>
        </test-method> <!-- run -->
        <test-method is-config="true" signature="closeApplication()[pri:0, instance:script.TestRun@6bf0219d]" started-at="2018-09-25T10:12:16Z" name="closeApplication" finished-at="2018-09-25T10:12:18Z" duration-ms="2145" status="PASS">
          <reporter-output>
          </reporter-output>
        </test-method> <!-- closeApplication -->
      </class> <!-- script.TestRun -->
    </test> <!-- Default test -->
  </suite> <!-- Default suite -->
</testng-results>
